<?xml version="1.0" encoding="UTF-8"?>
<testng-results ignored="0" total="2" passed="2" failed="0" skipped="0">
  <reporter-output>
  </reporter-output>
  <suite started-at="2024-11-05T19:40:19 IST" name="Surefire suite" finished-at="2024-11-05T19:40:25 IST" duration-ms="5991">
    <groups>
    </groups>
    <test started-at="2024-11-05T19:40:19 IST" name="Surefire test" finished-at="2024-11-05T19:40:25 IST" duration-ms="5991">
      <class name="test.LoginTest">
        <test-method is-config="true" signature="setup()[pri:0, instance:test.LoginTest@5d7148e2]" started-at="2024-11-05T19:40:19 IST" name="setup" finished-at="2024-11-05T19:40:23 IST" duration-ms="4592" status="PASS">
          <reporter-output>
          </reporter-output>
        </test-method> <!-- setup -->
        <test-method signature="LoginTest()[pri:0, instance:test.LoginTest@5d7148e2]" started-at="2024-11-05T19:40:23 IST" name="LoginTest" finished-at="2024-11-05T19:40:24 IST" duration-ms="861" status="PASS">
          <reporter-output>
          </reporter-output>
        </test-method> <!-- LoginTest -->
        <test-method signature="LogoutTest()[pri:0, instance:test.LoginTest@5d7148e2]" started-at="2024-11-05T19:40:24 IST" name="LogoutTest" finished-at="2024-11-05T19:40:24 IST" duration-ms="296" status="PASS">
          <reporter-output>
          </reporter-output>
        </test-method> <!-- LogoutTest -->
        <test-method is-config="true" signature="teardown()[pri:0, instance:test.LoginTest@5d7148e2]" started-at="2024-11-05T19:40:24 IST" name="teardown" finished-at="2024-11-05T19:40:25 IST" duration-ms="196" status="PASS">
          <reporter-output>
          </reporter-output>
        </test-method> <!-- teardown -->
      </class> <!-- test.LoginTest -->
    </test> <!-- Surefire test -->
  </suite> <!-- Surefire suite -->
</testng-results>
