<?xml version="1.0" encoding="UTF-8"?>
<testng-results ignored="0" total="2" passed="2" failed="0" skipped="0">
  <reporter-output>
  </reporter-output>
  <suite started-at="2024-11-13T17:08:14 IST" name="Suite" finished-at="2024-11-13T17:08:34 IST" duration-ms="19717">
    <groups>
    </groups>
    <test started-at="2024-11-13T17:08:14 IST" name="Test" finished-at="2024-11-13T17:08:34 IST" duration-ms="19717">
      <class name="test_cases.LoginTest">
        <test-method is-config="true" signature="setup(java.lang.String,java.lang.String)[pri:0, instance:test_cases.LoginTest@b78a709]" started-at="2024-11-13T17:08:15 IST" name="setup" finished-at="2024-11-13T17:08:27 IST" duration-ms="12281" status="PASS">
          <params>
            <param index="0">
              <value>
                <![CDATA[chrome]]>
              </value>
            </param>
            <param index="1">
              <value>
                <![CDATA[windows]]>
              </value>
            </param>
          </params>
          <reporter-output>
          </reporter-output>
        </test-method> <!-- setup -->
        <test-method signature="LoginTest(java.lang.String,java.lang.String)[pri:0, instance:test_cases.LoginTest@b78a709]" started-at="2024-11-13T17:08:30 IST" name="LoginTest" data-provider="getdata" finished-at="2024-11-13T17:08:32 IST" duration-ms="1787" status="PASS">
          <params>
            <param index="0">
              <value>
                <![CDATA[reyaz0806]]>
              </value>
            </param>
            <param index="1">
              <value>
                <![CDATA[reyaz123]]>
              </value>
            </param>
          </params>
          <reporter-output>
          </reporter-output>
        </test-method> <!-- LoginTest -->
        <test-method signature="LogoutTest()[pri:0, instance:test_cases.LoginTest@b78a709]" started-at="2024-11-13T17:08:32 IST" name="LogoutTest" finished-at="2024-11-13T17:08:32 IST" duration-ms="444" status="PASS">
          <reporter-output>
          </reporter-output>
        </test-method> <!-- LogoutTest -->
        <test-method is-config="true" signature="teardown()[pri:0, instance:test_cases.LoginTest@b78a709]" started-at="2024-11-13T17:08:32 IST" name="teardown" finished-at="2024-11-13T17:08:34 IST" duration-ms="1260" status="PASS">
          <reporter-output>
          </reporter-output>
        </test-method> <!-- teardown -->
      </class> <!-- test_cases.LoginTest -->
    </test> <!-- Test -->
  </suite> <!-- Suite -->
</testng-results>
